===== CPU and Memory Usage =====
top - 06:54:45 up 31 min,  1 user,  load average: 0.00, 0.08, 0.10
Tasks: 107 total,   1 running, 106 sleeping,   0 stopped,   0 zombie
%Cpu(s):  0.0 us,  0.0 sy,  0.0 ni,100.0 id,  0.0 wa,  0.0 hi,  0.0 si,  0.0 st 
MiB Mem :    957.4 total,    103.5 free,    424.0 used,    612.2 buff/cache     
MiB Swap:      0.0 total,      0.0 free,      0.0 used.    533.4 avail Mem 

    PID USER      PR  NI    VIRT    RES    SHR S  %CPU  %MEM     TIME+ COMMAND
      1 root      20   0   22512  13824   9600 S   0.0   1.4   0:10.10 systemd
      2 root      20   0       0      0      0 S   0.0   0.0   0:00.00 kthreadd
      3 root      20   0       0      0      0 S   0.0   0.0   0:00.00 pool_wo+

===== Top 5 CPU-consuming Processes =====
    PID    PPID CMD                         %MEM %CPU
      1       0 /usr/lib/systemd/systemd --  1.4  0.5
  20110       1 /usr/bin/containerd          4.7  0.0
    956       1 /snap/amazon-ssm-agent/9881  1.9  0.0
    581       1 @dbus-daemon --system --add  0.5  0.0
  20465       1 /usr/bin/dockerd -H fd:// -  8.2  0.0

===== Disk Usage (/ /var /home) =====
Filesystem      Size  Used Avail Use% Mounted on
/dev/root       6.8G  2.8G  4.0G  41% /
/dev/root       6.8G  2.8G  4.0G  41% /
/dev/root       6.8G  2.8G  4.0G  41% /

===== Network Interfaces and IPs =====
lo 127.0.0.1/8
enX0 172.31.3.237/20
docker0 172.17.0.1/16
